<?xml version="1.0" encoding="UTF-8"?>
<!-- Generated by org.testng.reporters.JUnitXMLReporter -->
<testsuite hostname="DESKTOP-18H7534" ignored="0" name="BankingApp Test" tests="4" failures="2" timestamp="2021-05-23T20:43:46 IST" time="57.0" errors="0">
  <testcase name="loginTest" time="2.847" classname="com.goIbiboTest.testCases.TC_01_LoginTest"/>
  <testcase name="loginDDT" time="3.676" classname="com.goIbiboTest.testCases.TC_02_LoginDDT">
    <failure type="java.lang.AssertionError" message="did not expect to find [true] but found [false]">
      <![CDATA[java.lang.AssertionError: did not expect to find [true] but found [false]
at com.goIbiboTest.testCases.TC_02_LoginDDT.loginDDT(TC_02_LoginDDT.java:27)
at java.util.ArrayList.forEach(Unknown Source)
... Removed 31 stack frames]]>
    </failure>
  </testcase> <!-- loginDDT -->
  <testcase name="loginDDT" time="3.265" classname="com.goIbiboTest.testCases.TC_02_LoginDDT">
    <failure type="java.lang.AssertionError" message="did not expect to find [true] but found [false]">
      <![CDATA[java.lang.AssertionError: did not expect to find [true] but found [false]
at com.goIbiboTest.testCases.TC_02_LoginDDT.loginDDT(TC_02_LoginDDT.java:27)
at java.util.ArrayList.forEach(Unknown Source)
... Removed 31 stack frames]]>
    </failure>
  </testcase> <!-- loginDDT -->
  <testcase name="addNewCustomer" time="13.803" classname="com.goIbiboTest.testCases.TC_03_AddNewCustTest"/>
</testsuite> <!-- BankingApp Test -->
