<?xml version="1.0" encoding="UTF-8"?>
<!-- Generated by org.testng.reporters.JUnitXMLReporter -->
<testsuite hostname="DESKTOP-18H7534" ignored="0" name="BankingApp Test" tests="2" failures="0" timestamp="2021-05-24T09:09:04 IST" time="44.615" errors="0">
  <testcase name="loginTest" time="3.59" classname="com.goIbiboTest.testCases.TC_01_LoginTest"/>
  <testcase name="addNewCustomer" time="13.131" classname="com.goIbiboTest.testCases.TC_03_AddNewCustTest"/>
</testsuite> <!-- BankingApp Test -->
